# JRE version: Java(TM) SE Runtime Environment (8.0_40-b27) (build 1.8.0_40-b27)
# Java VM: Java HotSpot(TM) 64-Bit Server VM (25.40-b25 mixed mode bsd-amd64 compressed oops)
Heap:
 PSYoungGen      total 279040K, used 151716K [0x0000000795580000, 0x00000007a7680000, 0x00000007c0000000)
  eden space 268288K, 53% used [0x0000000795580000,0x000000079e18c1e0,0x00000007a5b80000)
  from space 10752K, 77% used [0x00000007a6c00000,0x00000007a741cf70,0x00000007a7680000)
  to   space 13824K, 0% used [0x00000007a5b80000,0x00000007a5b80000,0x00000007a6900000)
 ParOldGen       total 86528K, used 19091K [0x0000000740000000, 0x0000000745480000, 0x0000000795580000)
  object space 86528K, 22% used [0x0000000740000000,0x00000007412a4e78,0x0000000745480000)
 Metaspace       used 42034K, capacity 43848K, committed 44120K, reserved 1087488K
  class space    used 5651K, capacity 5982K, committed 6016K, reserved 1048576K
GC Heap History (10 events):
Event: 7.218 GC heap before
{Heap before GC invocations=10 (full 2):
 PSYoungGen      total 111616K, used 100864K [0x0000000795580000, 0x00000007a0500000, 0x00000007c0000000)
  eden space 100864K, 100% used [0x0000000795580000,0x000000079b800000,0x000000079b800000)
  from space 10752K, 0% used [0x000000079b800000,0x000000079b800000,0x000000079c280000)
  to   space 11264K, 0% used [0x000000079fa00000,0x000000079fa00000,0x00000007a0500000)
 ParOldGen       total 86528K, used 12276K [0x0000000740000000, 0x0000000745480000, 0x0000000795580000)
  object space 86528K, 14% used [0x0000000740000000,0x0000000740bfd348,0x0000000745480000)
 Metaspace       used 38415K, capacity 40010K, committed 40280K, reserved 1083392K
  class space    used 5053K, capacity 5381K, committed 5504K, reserved 1048576K
Event: 7.231 GC heap after
Heap after GC invocations=10 (full 2):
 PSYoungGen      total 160256K, used 7297K [0x0000000795580000, 0x00000007a0180000, 0x00000007c0000000)
  eden space 152576K, 0% used [0x0000000795580000,0x0000000795580000,0x000000079ea80000)
  from space 7680K, 95% used [0x000000079fa00000,0x00000007a0120648,0x00000007a0180000)
  to   space 10752K, 0% used [0x000000079ec80000,0x000000079ec80000,0x000000079f700000)
 ParOldGen       total 86528K, used 12284K [0x0000000740000000, 0x0000000745480000, 0x0000000795580000)
  object space 86528K, 14% used [0x0000000740000000,0x0000000740bff348,0x0000000745480000)
 Metaspace       used 38415K, capacity 40010K, committed 40280K, reserved 1083392K
  class space    used 5053K, capacity 5381K, committed 5504K, reserved 1048576K
}
Event: 9.590 GC heap before
{Heap before GC invocations=11 (full 2):
 PSYoungGen      total 160256K, used 159873K [0x0000000795580000, 0x00000007a0180000, 0x00000007c0000000)
  eden space 152576K, 100% used [0x0000000795580000,0x000000079ea80000,0x000000079ea80000)
  from space 7680K, 95% used [0x000000079fa00000,0x00000007a0120648,0x00000007a0180000)
  to   space 10752K, 0% used [0x000000079ec80000,0x000000079ec80000,0x000000079f700000)
 ParOldGen       total 86528K, used 12284K [0x0000000740000000, 0x0000000745480000, 0x0000000795580000)
  object space 86528K, 14% used [0x0000000740000000,0x0000000740bff348,0x0000000745480000)
 Metaspace       used 41812K, capacity 43684K, committed 43864K, reserved 1087488K
  class space    used 5620K, capacity 5970K, committed 6016K, reserved 1048576K
Event: 9.610 GC heap after
Heap after GC invocations=11 (full 2):
 PSYoungGen      total 165376K, used 10723K [0x0000000795580000, 0x00000007a2e80000, 0x00000007c0000000)
  eden space 154624K, 0% used [0x0000000795580000,0x0000000795580000,0x000000079ec80000)
  from space 10752K, 99% used [0x000000079ec80000,0x000000079f6f8f80,0x000000079f700000)
  to   space 13312K, 0% used [0x00000007a2180000,0x00000007a2180000,0x00000007a2e80000)
 ParOldGen       total 86528K, used 15931K [0x0000000740000000, 0x0000000745480000, 0x0000000795580000)
  object space 86528K, 18% used [0x0000000740000000,0x0000000740f8ee58,0x0000000745480000)
 Metaspace       used 41812K, capacity 43684K, committed 43864K, reserved 1087488K
  class space    used 5620K, capacity 5970K, committed 6016K, reserved 1048576K
}
Event: 10.590 GC heap before
{Heap before GC invocations=12 (full 2):
 PSYoungGen      total 165376K, used 165347K [0x0000000795580000, 0x00000007a2e80000, 0x00000007c0000000)
  eden space 154624K, 100% used [0x0000000795580000,0x000000079ec80000,0x000000079ec80000)
  from space 10752K, 99% used [0x000000079ec80000,0x000000079f6f8f80,0x000000079f700000)
  to   space 13312K, 0% used [0x00000007a2180000,0x00000007a2180000,0x00000007a2e80000)
 ParOldGen       total 86528K, used 15931K [0x0000000740000000, 0x0000000745480000, 0x0000000795580000)
  object space 86528K, 18% used [0x0000000740000000,0x0000000740f8ee58,0x0000000745480000)
 Metaspace       used 41816K, capacity 43684K, committed 43864K, reserved 1087488K
  class space    used 5620K, capacity 5970K, committed 6016K, reserved 1048576K
Event: 10.605 GC heap after
Heap after GC invocations=12 (full 2):
 PSYoungGen      total 208384K, used 11363K [0x0000000795580000, 0x00000007a3180000, 0x00000007c0000000)
  eden space 195072K, 0% used [0x0000000795580000,0x0000000795580000,0x00000007a1400000)
  from space 13312K, 85% used [0x00000007a2180000,0x00000007a2c98f80,0x00000007a2e80000)
  to   space 13824K, 0% used [0x00000007a1400000,0x00000007a1400000,0x00000007a2180000)
 ParOldGen       total 86528K, used 15939K [0x0000000740000000, 0x0000000745480000, 0x0000000795580000)
  object space 86528K, 18% used [0x0000000740000000,0x0000000740f90e58,0x0000000745480000)
 Metaspace       used 41816K, capacity 43684K, committed 43864K, reserved 1087488K
  class space    used 5620K, capacity 5970K, committed 6016K, reserved 1048576K
}
Event: 11.831 GC heap before
{Heap before GC invocations=13 (full 2):
 PSYoungGen      total 208384K, used 206435K [0x0000000795580000, 0x00000007a3180000, 0x00000007c0000000)
  eden space 195072K, 100% used [0x0000000795580000,0x00000007a1400000,0x00000007a1400000)
  from space 13312K, 85% used [0x00000007a2180000,0x00000007a2c98f80,0x00000007a2e80000)
  to   space 13824K, 0% used [0x00000007a1400000,0x00000007a1400000,0x00000007a2180000)
 ParOldGen       total 86528K, used 15939K [0x0000000740000000, 0x0000000745480000, 0x0000000795580000)
  object space 86528K, 18% used [0x0000000740000000,0x0000000740f90e58,0x0000000745480000)
 Metaspace       used 41817K, capacity 43684K, committed 43864K, reserved 1087488K
  class space    used 5620K, capacity 5970K, committed 6016K, reserved 1048576K
Event: 11.956 GC heap after
Heap after GC invocations=13 (full 2):
 PSYoungGen      total 208896K, used 11427K [0x0000000795580000, 0x00000007a7a00000, 0x00000007c0000000)
  eden space 195072K, 0% used [0x0000000795580000,0x0000000795580000,0x00000007a1400000)
  from space 13824K, 82% used [0x00000007a1400000,0x00000007a1f28f80,0x00000007a2180000)
  to   space 14336K, 0% used [0x00000007a6c00000,0x00000007a6c00000,0x00000007a7a00000)
 ParOldGen       total 86528K, used 15939K [0x0000000740000000, 0x0000000745480000, 0x0000000795580000)
  object space 86528K, 18% used [0x0000000740000000,0x0000000740f90e58,0x0000000745480000)
 Metaspace       used 41817K, capacity 43684K, committed 43864K, reserved 1087488K
  class space    used 5620K, capacity 5970K, committed 6016K, reserved 1048576K
}
Event: 13.112 GC heap before
{Heap before GC invocations=14 (full 2):
 PSYoungGen      total 208896K, used 206499K [0x0000000795580000, 0x00000007a7a00000, 0x00000007c0000000)
  eden space 195072K, 100% used [0x0000000795580000,0x00000007a1400000,0x00000007a1400000)
  from space 13824K, 82% used [0x00000007a1400000,0x00000007a1f28f80,0x00000007a2180000)
  to   space 14336K, 0% used [0x00000007a6c00000,0x00000007a6c00000,0x00000007a7a00000)
 ParOldGen       total 86528K, used 15939K [0x0000000740000000, 0x0000000745480000, 0x0000000795580000)
  object space 86528K, 18% used [0x0000000740000000,0x0000000740f90e58,0x0000000745480000)
 Metaspace       used 41817K, capacity 43684K, committed 43864K, reserved 1087488K
  class space    used 5620K, capacity 5970K, committed 6016K, reserved 1048576K
Event: 13.137 GC heap after
Heap after GC invocations=14 (full 2):
 PSYoungGen      total 279040K, used 8307K [0x0000000795580000, 0x00000007a7680000, 0x00000007c0000000)
  eden space 268288K, 0% used [0x0000000795580000,0x0000000795580000,0x00000007a5b80000)
  from space 10752K, 77% used [0x00000007a6c00000,0x00000007a741cf70,0x00000007a7680000)
  to   space 13824K, 0% used [0x00000007a5b80000,0x00000007a5b80000,0x00000007a6900000)
 ParOldGen       total 86528K, used 19091K [0x0000000740000000, 0x0000000745480000, 0x0000000795580000)
  object space 86528K, 22% used [0x0000000740000000,0x00000007412a4e78,0x0000000745480000)
 Metaspace       used 41817K, capacity 43684K, committed 43864K, reserved 1087488K
  class space    used 5620K, capacity 5970K, committed 6016K, reserved 1048576K
}

